Determining if the pthread_create exist failed with the following output:
Change Dir: /home/ww/smart/obs_tr_node/build/CMakeFiles/CMakeTmp

Run Build Command:"/usr/bin/make" "cmTC_cd773/fast"
/usr/bin/make -f CMakeFiles/cmTC_cd773.dir/build.make CMakeFiles/cmTC_cd773.dir/build
make[1]: 进入目录“/home/ww/smart/obs_tr_node/build/CMakeFiles/CMakeTmp”
Building C object CMakeFiles/cmTC_cd773.dir/CheckSymbolExists.c.o
/usr/bin/cc    -o CMakeFiles/cmTC_cd773.dir/CheckSymbolExists.c.o   -c /home/ww/smart/obs_tr_node/build/CMakeFiles/CMakeTmp/CheckSymbolExists.c
Linking C executable cmTC_cd773
/usr/bin/cmake -E cmake_link_script CMakeFiles/cmTC_cd773.dir/link.txt --verbose=1
/usr/bin/cc      -rdynamic CMakeFiles/cmTC_cd773.dir/CheckSymbolExists.c.o  -o cmTC_cd773 
CMakeFiles/cmTC_cd773.dir/CheckSymbolExists.c.o：在函数‘main’中：
CheckSymbolExists.c:(.text+0x1b)：对‘pthread_create’未定义的引用
collect2: error: ld returned 1 exit status
CMakeFiles/cmTC_cd773.dir/build.make:97: recipe for target 'cmTC_cd773' failed
make[1]: *** [cmTC_cd773] Error 1
make[1]: 离开目录“/home/ww/smart/obs_tr_node/build/CMakeFiles/CMakeTmp”
Makefile:126: recipe for target 'cmTC_cd773/fast' failed
make: *** [cmTC_cd773/fast] Error 2

File /home/ww/smart/obs_tr_node/build/CMakeFiles/CMakeTmp/CheckSymbolExists.c:
/* */
#include <pthread.h>

int main(int argc, char** argv)
{
  (void)argv;
#ifndef pthread_create
  return ((int*)(&pthread_create))[argc];
#else
  (void)argc;
  return 0;
#endif
}

Determining if the function pthread_create exists in the pthreads failed with the following output:
Change Dir: /home/ww/smart/obs_tr_node/build/CMakeFiles/CMakeTmp

Run Build Command:"/usr/bin/make" "cmTC_9960b/fast"
/usr/bin/make -f CMakeFiles/cmTC_9960b.dir/build.make CMakeFiles/cmTC_9960b.dir/build
make[1]: 进入目录“/home/ww/smart/obs_tr_node/build/CMakeFiles/CMakeTmp”
Building C object CMakeFiles/cmTC_9960b.dir/CheckFunctionExists.c.o
/usr/bin/cc   -DCHECK_FUNCTION_EXISTS=pthread_create   -o CMakeFiles/cmTC_9960b.dir/CheckFunctionExists.c.o   -c /usr/share/cmake-3.10/Modules/CheckFunctionExists.c
Linking C executable cmTC_9960b
/usr/bin/cmake -E cmake_link_script CMakeFiles/cmTC_9960b.dir/link.txt --verbose=1
/usr/bin/cc  -DCHECK_FUNCTION_EXISTS=pthread_create    -rdynamic CMakeFiles/cmTC_9960b.dir/CheckFunctionExists.c.o  -o cmTC_9960b -lpthreads 
/usr/bin/ld: 找不到 -lpthreads
collect2: error: ld returned 1 exit status
CMakeFiles/cmTC_9960b.dir/build.make:97: recipe for target 'cmTC_9960b' failed
make[1]: *** [cmTC_9960b] Error 1
make[1]: 离开目录“/home/ww/smart/obs_tr_node/build/CMakeFiles/CMakeTmp”
Makefile:126: recipe for target 'cmTC_9960b/fast' failed
make: *** [cmTC_9960b/fast] Error 2


